<?xml version="1.0" encoding="UTF-8"?>
<!-- Generated by org.testng.reporters.JUnitXMLReporter -->
<testsuite hostname="DIL-TOS-180706" ignored="0" name="Run Simulation Test" tests="46" failures="3" timestamp="07 mar 2019 17:04:00 GMT" time="660.297" errors="0">
  <testcase name="runSimulation" time="20.778" classname="testcases.Simulator_TC"/>
  <testcase name="runSimulation" time="11.693" classname="testcases.Simulator_TC"/>
  <testcase name="runSimulation" time="11.698" classname="testcases.Simulator_TC"/>
  <testcase name="runSimulation" time="12.069" classname="testcases.Simulator_TC"/>
  <testcase name="runSimulation" time="14.403" classname="testcases.Simulator_TC"/>
  <testcase name="runSimulation" time="14.764" classname="testcases.Simulator_TC"/>
  <testcase name="runSimulation" time="17.771" classname="testcases.Simulator_TC">
    <failure type="java.lang.AssertionError" message="null">
      <![CDATA[java.lang.AssertionError: null
	at testcases.Simulator_TC.runSimulation(Simulator_TC.java:69)
... Removed 27 stack frames]]>
    </failure>
  </testcase> <!-- runSimulation -->
  <testcase name="runSimulation" time="11.589" classname="testcases.Simulator_TC"/>
  <testcase name="runSimulation" time="15.582" classname="testcases.Simulator_TC"/>
  <testcase name="runSimulation" time="14.956" classname="testcases.Simulator_TC"/>
  <testcase name="runSimulation" time="11.297" classname="testcases.Simulator_TC"/>
  <testcase name="runSimulation" time="12.769" classname="testcases.Simulator_TC"/>
  <testcase name="runSimulation" time="13.339" classname="testcases.Simulator_TC"/>
  <testcase name="runSimulation" time="12.794" classname="testcases.Simulator_TC"/>
  <testcase name="runSimulation" time="14.017" classname="testcases.Simulator_TC"/>
  <testcase name="runSimulation" time="15.428" classname="testcases.Simulator_TC"/>
  <testcase name="runSimulation" time="15.213" classname="testcases.Simulator_TC"/>
  <testcase name="runSimulation" time="13.864" classname="testcases.Simulator_TC"/>
  <testcase name="runSimulation" time="11.536" classname="testcases.Simulator_TC"/>
  <testcase name="runSimulation" time="17.34" classname="testcases.Simulator_TC">
    <failure type="java.lang.AssertionError" message="null">
      <![CDATA[java.lang.AssertionError: null
	at testcases.Simulator_TC.runSimulation(Simulator_TC.java:69)
... Removed 26 stack frames]]>
    </failure>
  </testcase> <!-- runSimulation -->
  <testcase name="runSimulation" time="15.859" classname="testcases.Simulator_TC"/>
  <testcase name="runSimulation" time="13.427" classname="testcases.Simulator_TC"/>
  <testcase name="runSimulation" time="11.995" classname="testcases.Simulator_TC"/>
  <testcase name="runSimulation" time="15.656" classname="testcases.Simulator_TC"/>
  <testcase name="runSimulation" time="13.285" classname="testcases.Simulator_TC"/>
  <testcase name="runSimulation" time="11.698" classname="testcases.Simulator_TC"/>
  <testcase name="runSimulation" time="12.08" classname="testcases.Simulator_TC"/>
  <testcase name="runSimulation" time="12.699" classname="testcases.Simulator_TC"/>
  <testcase name="runSimulation" time="13.085" classname="testcases.Simulator_TC"/>
  <testcase name="runSimulation" time="11.928" classname="testcases.Simulator_TC"/>
  <testcase name="runSimulation" time="16.942" classname="testcases.Simulator_TC">
    <failure type="java.lang.AssertionError" message="null">
      <![CDATA[java.lang.AssertionError: null
	at testcases.Simulator_TC.runSimulation(Simulator_TC.java:69)
... Removed 26 stack frames]]>
    </failure>
  </testcase> <!-- runSimulation -->
  <testcase name="runSimulation" time="28.816" classname="testcases.Simulator_TC"/>
  <testcase name="runSimulation" time="12.08" classname="testcases.Simulator_TC"/>
  <testcase name="runSimulation" time="14.767" classname="testcases.Simulator_TC"/>
  <testcase name="runSimulation" time="14.504" classname="testcases.Simulator_TC"/>
  <testcase name="runSimulation" time="14.807" classname="testcases.Simulator_TC"/>
  <testcase name="runSimulation" time="13.966" classname="testcases.Simulator_TC"/>
  <testcase name="runSimulation" time="16.509" classname="testcases.Simulator_TC"/>
  <testcase name="runSimulation" time="11.42" classname="testcases.Simulator_TC"/>
  <testcase name="runSimulation" time="17.373" classname="testcases.Simulator_TC"/>
  <testcase name="runSimulation" time="12.859" classname="testcases.Simulator_TC"/>
  <testcase name="runSimulation" time="16.313" classname="testcases.Simulator_TC"/>
  <testcase name="runSimulation" time="14.048" classname="testcases.Simulator_TC"/>
  <testcase name="runSimulation" time="11.443" classname="testcases.Simulator_TC"/>
  <testcase name="runSimulation" time="11.694" classname="testcases.Simulator_TC"/>
  <testcase name="runSimulation" time="14.835" classname="testcases.Simulator_TC"/>
</testsuite> <!-- Run Simulation Test -->
