<?xml version="1.0" encoding="UTF-8"?>
<testng-results skipped="0" failed="3" ignored="0" total="47" passed="44">
  <reporter-output>
    <line>
      <![CDATA[Click to see Screenshot]]>
    </line>
    <line>
      <![CDATA[<a target="_blank" href=Thu_Mar_07_16_54_44_GMT_2019.jpg>Screenshot</a>]]>
    </line>
    <line>
      <![CDATA[<br>]]>
    </line>
    <line>
      <![CDATA[<br>]]>
    </line>
    <line>
      <![CDATA[<a target="_blank" href=Thu_Mar_07_16_54_44_GMT_2019.jpg><img src=Thu_Mar_07_16_54_44_GMT_2019.jpg height=200 width=200></img></a>]]>
    </line>
    <line>
      <![CDATA[Click to see Screenshot]]>
    </line>
    <line>
      <![CDATA[<a target="_blank" href=Thu_Mar_07_16_57_44_GMT_2019.jpg>Screenshot</a>]]>
    </line>
    <line>
      <![CDATA[<br>]]>
    </line>
    <line>
      <![CDATA[<br>]]>
    </line>
    <line>
      <![CDATA[<a target="_blank" href=Thu_Mar_07_16_57_44_GMT_2019.jpg><img src=Thu_Mar_07_16_57_44_GMT_2019.jpg height=200 width=200></img></a>]]>
    </line>
    <line>
      <![CDATA[<br>Verification failure : FleeXin Coti Fixe -  Expected : 972  found :  973<br>]]>
    </line>
    <line>
      <![CDATA[<a target="_blank" href=Thu_Mar_07_16_59_32_GMT_2019.jpg><img src=Thu_Mar_07_16_59_32_GMT_2019.jpg height=200 width=200></img></a>]]>
    </line>
    <line>
      <![CDATA[<br>]]>
    </line>
    <line>
      <![CDATA[<br>]]>
    </line>
    <line>
      <![CDATA[Click to see Screenshot]]>
    </line>
    <line>
      <![CDATA[<a target="_blank" href=Thu_Mar_07_17_00_14_GMT_2019.jpg>Screenshot</a>]]>
    </line>
    <line>
      <![CDATA[<br>]]>
    </line>
    <line>
      <![CDATA[<br>]]>
    </line>
    <line>
      <![CDATA[<a target="_blank" href=Thu_Mar_07_17_00_14_GMT_2019.jpg><img src=Thu_Mar_07_17_00_14_GMT_2019.jpg height=200 width=200></img></a>]]>
    </line>
  </reporter-output>
  <suite name="Data Driven Basics" duration-ms="668832" started-at="2019-03-07T16:52:51Z" finished-at="2019-03-07T17:04:00Z">
    <groups>
    </groups>
    <test name="Login Test" duration-ms="8507" started-at="2019-03-07T16:52:51Z" finished-at="2019-03-07T16:53:00Z">
      <class name="testcases.Login_TC">
        <test-method status="PASS" signature="doLogin()[pri:1, instance:testcases.Login_TC@7690781]" name="doLogin" duration-ms="8290" started-at="2019-03-07T16:52:51Z" finished-at="2019-03-07T16:53:00Z">
          <reporter-output>
          </reporter-output>
        </test-method> <!-- doLogin -->
      </class> <!-- testcases.Login_TC -->
    </test> <!-- Login Test -->
    <test name="Run Simulation Test" duration-ms="660297" started-at="2019-03-07T16:53:00Z" finished-at="2019-03-07T17:04:00Z">
      <class name="testcases.Simulator_TC">
        <test-method status="PASS" signature="setUp()[pri:0, instance:testcases.Simulator_TC@4e7912d8]" name="setUp" is-config="true" duration-ms="6518" started-at="2019-03-07T16:52:45Z" finished-at="2019-03-07T16:52:51Z">
          <reporter-output>
          </reporter-output>
        </test-method> <!-- setUp -->
        <test-method status="PASS" signature="runSimulation(java.util.Hashtable)[pri:2, instance:testcases.Simulator_TC@4e7912d8]" name="runSimulation" duration-ms="20778" started-at="2019-03-07T16:53:00Z" data-provider="dp" finished-at="2019-03-07T16:53:21Z">
          <params>
            <param index="0">
              <value>
                <![CDATA[{birth_date=11/6/90, fleexin_fixe=2037.2550901903815, loan_initial_duration=18.0, initial_capital=6760528.0, smoking_habit=Yes, type_of_loan=Bridge Loan, cover_ratio=17.0, current_insurance=3160.5468400000004, project_type=New business, bank=BNP Paribas, initial_rate=1.0, fleexin_v2=1232.4335648630422, coverage=Death, TILA, TTD, PTD, PPD, professional_status=Dirigeant, gérant (hors agricole), loan_effective_date=9/25/18}]]>
              </value>
            </param>
          </params>
          <reporter-output>
          </reporter-output>
        </test-method> <!-- runSimulation -->
        <test-method status="PASS" signature="runSimulation(java.util.Hashtable)[pri:2, instance:testcases.Simulator_TC@4e7912d8]" name="runSimulation" duration-ms="11693" started-at="2019-03-07T16:53:21Z" data-provider="dp" finished-at="2019-03-07T16:53:32Z">
          <params>
            <param index="0">
              <value>
                <![CDATA[{birth_date=9/16/89, fleexin_fixe=20728.23262980016, loan_initial_duration=89.0, initial_capital=8717500.0, smoking_habit=Yes, type_of_loan=Refundable at the end, cover_ratio=63.0, current_insurance=56293.25625, project_type=New business, bank=BNP Paribas, initial_rate=3.0, fleexin_v2=23741.06834227685, coverage=Death, TILA, TTD, PTD, PPD, professional_status=Artisan, BTP, auto-entrepreneur, loan_effective_date=4/30/16}]]>
              </value>
            </param>
          </params>
          <reporter-output>
          </reporter-output>
        </test-method> <!-- runSimulation -->
        <test-method status="PASS" signature="runSimulation(java.util.Hashtable)[pri:2, instance:testcases.Simulator_TC@4e7912d8]" name="runSimulation" duration-ms="11698" started-at="2019-03-07T16:53:32Z" data-provider="dp" finished-at="2019-03-07T16:53:44Z">
          <params>
            <param index="0">
              <value>
                <![CDATA[{birth_date=4/24/83, fleexin_fixe=11259.2128884763, loan_initial_duration=59.0, initial_capital=3870100.0, smoking_habit=Yes, type_of_loan=Refundable at the end, cover_ratio=60.0, current_insurance=18624.856249999997, project_type=New business, bank=BNP Paribas, initial_rate=3.0, fleexin_v2=16569.01667447285, coverage=Death, TILA, TTD, PTD, PPD, professional_status=Intermittent, loan_effective_date=7/10/17}]]>
              </value>
            </param>
          </params>
          <reporter-output>
          </reporter-output>
        </test-method> <!-- runSimulation -->
        <test-method status="PASS" signature="runSimulation(java.util.Hashtable)[pri:2, instance:testcases.Simulator_TC@4e7912d8]" name="runSimulation" duration-ms="12069" started-at="2019-03-07T16:53:44Z" data-provider="dp" finished-at="2019-03-07T16:53:56Z">
          <params>
            <param index="0">
              <value>
                <![CDATA[{birth_date=1/3/95, fleexin_fixe=2503.1290129225035, loan_initial_duration=91.0, initial_capital=2378170.0, smoking_habit=Yes, type_of_loan=Refundable at the end, cover_ratio=22.0, current_insurance=6093.069720833334, project_type=New business, bank=BNP Paribas, initial_rate=1.0, fleexin_v2=1880.6419477957493, coverage=Death, TILA, TTD, PTD, PPD, professional_status=Intermittent, loan_effective_date=10/4/15}]]>
              </value>
            </param>
          </params>
          <reporter-output>
          </reporter-output>
        </test-method> <!-- runSimulation -->
        <test-method status="PASS" signature="runSimulation(java.util.Hashtable)[pri:2, instance:testcases.Simulator_TC@4e7912d8]" name="runSimulation" duration-ms="14403" started-at="2019-03-07T16:53:56Z" data-provider="dp" finished-at="2019-03-07T16:54:11Z">
          <params>
            <param index="0">
              <value>
                <![CDATA[{birth_date=5/27/80, fleexin_fixe=856.0330354678672, loan_initial_duration=97.0, initial_capital=4254535.0, smoking_habit=No, type_of_loan=Standard, cover_ratio=4.0, current_insurance=2161.9333093621663, project_type=Competitor takeover, bank=BNP Paribas, initial_rate=3.0, fleexin_v2=759.5864240115213, coverage=Death, TILA, TTD, PTD, PPD, professional_status=Intermittent, loan_effective_date=4/3/16}]]>
              </value>
            </param>
          </params>
          <reporter-output>
          </reporter-output>
        </test-method> <!-- runSimulation -->
        <test-method status="PASS" signature="runSimulation(java.util.Hashtable)[pri:2, instance:testcases.Simulator_TC@4e7912d8]" name="runSimulation" duration-ms="14764" started-at="2019-03-07T16:54:11Z" data-provider="dp" finished-at="2019-03-07T16:54:26Z">
          <params>
            <param index="0">
              <value>
                <![CDATA[{birth_date=5/11/90, fleexin_fixe=13071.59801776818, loan_initial_duration=91.0, initial_capital=7429307.0, smoking_habit=No, type_of_loan=Standard, cover_ratio=25.0, current_insurance=22814.163579166667, project_type=Competitor takeover, bank=BNP Paribas, initial_rate=2.0, fleexin_v2=9012.242272131964, coverage=Death, TILA, TTD, PTD, PPD, professional_status=Intermittent, loan_effective_date=1/16/18}]]>
              </value>
            </param>
          </params>
          <reporter-output>
          </reporter-output>
        </test-method> <!-- runSimulation -->
        <test-method status="FAIL" signature="runSimulation(java.util.Hashtable)[pri:2, instance:testcases.Simulator_TC@4e7912d8]" name="runSimulation" duration-ms="17771" started-at="2019-03-07T16:54:26Z" data-provider="dp" finished-at="2019-03-07T16:54:43Z">
          <params>
            <param index="0">
              <value>
                <![CDATA[{birth_date=6/21/80, fleexin_fixe=28705.51482830813, loan_initial_duration=143.0, initial_capital=4872447.0, smoking_habit=No, type_of_loan=Refundable at the end, cover_ratio=55.0, current_insurance=112218.54496875001, project_type=New business, bank=BNP Paribas, initial_rate=4.0, fleexin_v2=53036.930371129616, coverage=Death, TILA, TTD, PTD, PPD, professional_status=Dirigeant, gérant (hors agricole), loan_effective_date=6/19/18}]]>
              </value>
            </param>
          </params>
          <exception class="java.lang.AssertionError">
            <message>
              <![CDATA[null]]>
            </message>
            <full-stacktrace>
              <![CDATA[java.lang.AssertionError: null
	at org.testng.Assert.fail(Assert.java:93)
	at org.testng.Assert.fail(Assert.java:100)
	at testcases.Simulator_TC.runSimulation(Simulator_TC.java:69)
	at sun.reflect.NativeMethodAccessorImpl.invoke0(Native Method)
	at sun.reflect.NativeMethodAccessorImpl.invoke(NativeMethodAccessorImpl.java:62)
	at sun.reflect.DelegatingMethodAccessorImpl.invoke(DelegatingMethodAccessorImpl.java:43)
	at java.lang.reflect.Method.invoke(Method.java:498)
	at org.testng.internal.MethodInvocationHelper.invokeMethod(MethodInvocationHelper.java:108)
	at org.testng.internal.Invoker.invokeMethod(Invoker.java:661)
	at org.testng.internal.Invoker.invokeTestMethod(Invoker.java:869)
	at org.testng.internal.Invoker.invokeTestMethods(Invoker.java:1193)
	at org.testng.internal.TestMethodWorker.invokeTestMethods(TestMethodWorker.java:126)
	at org.testng.internal.TestMethodWorker.run(TestMethodWorker.java:109)
	at org.testng.TestRunner.privateRun(TestRunner.java:744)
	at org.testng.TestRunner.run(TestRunner.java:602)
	at org.testng.SuiteRunner.runTest(SuiteRunner.java:380)
	at org.testng.SuiteRunner.runSequentially(SuiteRunner.java:375)
	at org.testng.SuiteRunner.privateRun(SuiteRunner.java:340)
	at org.testng.SuiteRunner.run(SuiteRunner.java:289)
	at org.testng.SuiteRunnerWorker.runSuite(SuiteRunnerWorker.java:52)
	at org.testng.SuiteRunnerWorker.run(SuiteRunnerWorker.java:86)
	at org.testng.TestNG.runSuitesSequentially(TestNG.java:1301)
	at org.testng.TestNG.runSuitesLocally(TestNG.java:1226)
	at org.testng.TestNG.runSuites(TestNG.java:1144)
	at org.testng.TestNG.run(TestNG.java:1115)
	at org.testng.remote.AbstractRemoteTestNG.run(AbstractRemoteTestNG.java:114)
	at org.testng.remote.RemoteTestNG.initAndRun(RemoteTestNG.java:251)
	at org.testng.remote.RemoteTestNG.main(RemoteTestNG.java:77)
]]>
            </full-stacktrace>
          </exception> <!-- java.lang.AssertionError -->
          <reporter-output>
            <line>
              <![CDATA[Click to see Screenshot]]>
            </line>
            <line>
              <![CDATA[<a target="_blank" href=Thu_Mar_07_16_54_44_GMT_2019.jpg>Screenshot</a>]]>
            </line>
            <line>
              <![CDATA[<br>]]>
            </line>
            <line>
              <![CDATA[<br>]]>
            </line>
            <line>
              <![CDATA[<a target="_blank" href=Thu_Mar_07_16_54_44_GMT_2019.jpg><img src=Thu_Mar_07_16_54_44_GMT_2019.jpg height=200 width=200></img></a>]]>
            </line>
          </reporter-output>
        </test-method> <!-- runSimulation -->
        <test-method status="PASS" signature="runSimulation(java.util.Hashtable)[pri:2, instance:testcases.Simulator_TC@4e7912d8]" name="runSimulation" duration-ms="11589" started-at="2019-03-07T16:54:44Z" data-provider="dp" finished-at="2019-03-07T16:54:55Z">
          <params>
            <param index="0">
              <value>
                <![CDATA[{birth_date=4/5/83, fleexin_fixe=19106.631843656636, loan_initial_duration=57.0, initial_capital=3705977.0, smoking_habit=No, type_of_loan=Refundable at the end, cover_ratio=100.0, current_insurance=44162.892583333334, project_type=New business, bank=BNP Paribas, initial_rate=3.0, fleexin_v2=28187.526448731325, coverage=Death, TILA, TTD, PTD, PPD, professional_status=Intermittent, loan_effective_date=10/11/18}]]>
              </value>
            </param>
          </params>
          <reporter-output>
          </reporter-output>
        </test-method> <!-- runSimulation -->
        <test-method status="PASS" signature="runSimulation(java.util.Hashtable)[pri:2, instance:testcases.Simulator_TC@4e7912d8]" name="runSimulation" duration-ms="15582" started-at="2019-03-07T16:54:55Z" data-provider="dp" finished-at="2019-03-07T16:55:11Z">
          <params>
            <param index="0">
              <value>
                <![CDATA[{birth_date=11/25/81, fleexin_fixe=178900.02393583744, loan_initial_duration=188.0, initial_capital=6651492.0, smoking_habit=Yes, type_of_loan=Standard, cover_ratio=99.0, current_insurance=199744.30475999997, project_type=Competitor takeover, bank=BNP Paribas, initial_rate=2.0, fleexin_v2=174607.17909305665, coverage=Death, TILA, TTD, PTD, PPD, professional_status=Intermittent, loan_effective_date=8/7/15}]]>
              </value>
            </param>
          </params>
          <reporter-output>
          </reporter-output>
        </test-method> <!-- runSimulation -->
        <test-method status="PASS" signature="runSimulation(java.util.Hashtable)[pri:2, instance:testcases.Simulator_TC@4e7912d8]" name="runSimulation" duration-ms="14956" started-at="2019-03-07T16:55:11Z" data-provider="dp" finished-at="2019-03-07T16:55:26Z">
          <params>
            <param index="0">
              <value>
                <![CDATA[{birth_date=8/3/87, fleexin_fixe=63742.64864638662, loan_initial_duration=244.0, initial_capital=2492275.0, smoking_habit=Yes, type_of_loan=Refundable at the end, cover_ratio=87.0, current_insurance=115099.4901875, project_type=Competitor takeover, bank=BNP Paribas, initial_rate=3.0, fleexin_v2=136966.61611491855, coverage=Death, TILA, TTD, PTD, PPD, professional_status=Intermittent, loan_effective_date=10/22/15}]]>
              </value>
            </param>
          </params>
          <reporter-output>
          </reporter-output>
        </test-method> <!-- runSimulation -->
        <test-method status="PASS" signature="runSimulation(java.util.Hashtable)[pri:2, instance:testcases.Simulator_TC@4e7912d8]" name="runSimulation" duration-ms="11297" started-at="2019-03-07T16:55:26Z" data-provider="dp" finished-at="2019-03-07T16:55:37Z">
          <params>
            <param index="0">
              <value>
                <![CDATA[{birth_date=5/21/92, fleexin_fixe=26910.917089969196, loan_initial_duration=117.0, initial_capital=7115716.0, smoking_habit=Yes, type_of_loan=Refundable at the end, cover_ratio=60.0, current_insurance=65909.31945, project_type=Competitor takeover, bank=BNP Paribas, initial_rate=4.0, fleexin_v2=31914.575441284796, coverage=Death, TILA, TTD, PTD, PPD, professional_status=Intermittent, loan_effective_date=1/2/15}]]>
              </value>
            </param>
          </params>
          <reporter-output>
          </reporter-output>
        </test-method> <!-- runSimulation -->
        <test-method status="PASS" signature="runSimulation(java.util.Hashtable)[pri:2, instance:testcases.Simulator_TC@4e7912d8]" name="runSimulation" duration-ms="12769" started-at="2019-03-07T16:55:37Z" data-provider="dp" finished-at="2019-03-07T16:55:50Z">
          <params>
            <param index="0">
              <value>
                <![CDATA[{birth_date=1/24/89, fleexin_fixe=4378.694731330493, loan_initial_duration=57.0, initial_capital=4703046.0, smoking_habit=No, type_of_loan=Standard, cover_ratio=62.0, current_insurance=11226.170802, project_type=New business, bank=BNP Paribas, initial_rate=1.0, fleexin_v2=2420.671581283907, coverage=Death, TILA, TTD, PTD, PPD, professional_status=Intermittent, loan_effective_date=1/28/17}]]>
              </value>
            </param>
          </params>
          <reporter-output>
          </reporter-output>
        </test-method> <!-- runSimulation -->
        <test-method status="PASS" signature="runSimulation(java.util.Hashtable)[pri:2, instance:testcases.Simulator_TC@4e7912d8]" name="runSimulation" duration-ms="13339" started-at="2019-03-07T16:55:50Z" data-provider="dp" finished-at="2019-03-07T16:56:04Z">
          <params>
            <param index="0">
              <value>
                <![CDATA[{birth_date=7/4/88, fleexin_fixe=92438.54817659344, loan_initial_duration=195.0, initial_capital=8195251.0, smoking_habit=No, type_of_loan=Refundable at the end, cover_ratio=91.0, current_insurance=292247.77269187506, project_type=Competitor takeover, bank=BNP Paribas, initial_rate=1.0, fleexin_v2=185185.1072327596, coverage=Death, TILA, TTD, PTD, PPD, professional_status=Artisan, BTP, auto-entrepreneur, loan_effective_date=12/30/17}]]>
              </value>
            </param>
          </params>
          <reporter-output>
          </reporter-output>
        </test-method> <!-- runSimulation -->
        <test-method status="PASS" signature="runSimulation(java.util.Hashtable)[pri:2, instance:testcases.Simulator_TC@4e7912d8]" name="runSimulation" duration-ms="12794" started-at="2019-03-07T16:56:04Z" data-provider="dp" finished-at="2019-03-07T16:56:16Z">
          <params>
            <param index="0">
              <value>
                <![CDATA[{birth_date=8/3/94, fleexin_fixe=64798.96878296429, loan_initial_duration=225.0, initial_capital=9008107.0, smoking_habit=No, type_of_loan=Refundable at the end, cover_ratio=53.0, current_insurance=228867.848535625, project_type=New business, bank=BNP Paribas, initial_rate=1.0, fleexin_v2=91930.81573678594, coverage=Death, TILA, TTD, PTD, PPD, professional_status=Intermittent, loan_effective_date=6/15/15}]]>
              </value>
            </param>
          </params>
          <reporter-output>
          </reporter-output>
        </test-method> <!-- runSimulation -->
        <test-method status="PASS" signature="runSimulation(java.util.Hashtable)[pri:2, instance:testcases.Simulator_TC@4e7912d8]" name="runSimulation" duration-ms="14017" started-at="2019-03-07T16:56:16Z" data-provider="dp" finished-at="2019-03-07T16:56:30Z">
          <params>
            <param index="0">
              <value>
                <![CDATA[{birth_date=5/15/83, fleexin_fixe=48571.23921486063, loan_initial_duration=182.0, initial_capital=9274724.0, smoking_habit=Yes, type_of_loan=0% rate loan, cover_ratio=37.0, current_insurance=100204.11809599998, project_type=Competitor takeover, bank=BNP Paribas, initial_rate=0.0, fleexin_v2=43391.30532402057, coverage=Death, TILA, TTD, PTD, PPD, professional_status=Dirigeant, gérant (hors agricole), loan_effective_date=10/22/16}]]>
              </value>
            </param>
          </params>
          <reporter-output>
          </reporter-output>
        </test-method> <!-- runSimulation -->
        <test-method status="PASS" signature="runSimulation(java.util.Hashtable)[pri:2, instance:testcases.Simulator_TC@4e7912d8]" name="runSimulation" duration-ms="15428" started-at="2019-03-07T16:56:30Z" data-provider="dp" finished-at="2019-03-07T16:56:46Z">
          <params>
            <param index="0">
              <value>
                <![CDATA[{birth_date=7/20/85, fleexin_fixe=1950.7966203305145, loan_initial_duration=241.0, initial_capital=1288642.0, smoking_habit=No, type_of_loan=Standard, cover_ratio=11.0, current_insurance=5558.986814333332, project_type=New business, bank=BNP Paribas, initial_rate=4.0, fleexin_v2=1694.0885540796417, coverage=Death, TILA, TTD, PTD, PPD, professional_status=Dirigeant, gérant (hors agricole), loan_effective_date=1/13/15}]]>
              </value>
            </param>
          </params>
          <reporter-output>
          </reporter-output>
        </test-method> <!-- runSimulation -->
        <test-method status="PASS" signature="runSimulation(java.util.Hashtable)[pri:2, instance:testcases.Simulator_TC@4e7912d8]" name="runSimulation" duration-ms="15213" started-at="2019-03-07T16:56:46Z" data-provider="dp" finished-at="2019-03-07T16:57:01Z">
          <params>
            <param index="0">
              <value>
                <![CDATA[{birth_date=6/2/87, fleexin_fixe=59303.49432496654, loan_initial_duration=214.0, initial_capital=6029020.0, smoking_habit=No, type_of_loan=Standard, cover_ratio=48.0, current_insurance=100805.21439999998, project_type=Competitor takeover, bank=BNP Paribas, initial_rate=3.0, fleexin_v2=53355.40570916311, coverage=Death, TILA, TTD, PTD, PPD, professional_status=Artisan, BTP, auto-entrepreneur, loan_effective_date=1/30/18}]]>
              </value>
            </param>
          </params>
          <reporter-output>
          </reporter-output>
        </test-method> <!-- runSimulation -->
        <test-method status="PASS" signature="runSimulation(java.util.Hashtable)[pri:2, instance:testcases.Simulator_TC@4e7912d8]" name="runSimulation" duration-ms="13864" started-at="2019-03-07T16:57:01Z" data-provider="dp" finished-at="2019-03-07T16:57:15Z">
          <params>
            <param index="0">
              <value>
                <![CDATA[{birth_date=7/12/89, fleexin_fixe=564.4908019140272, loan_initial_duration=214.0, initial_capital=65989.0, smoking_habit=No, type_of_loan=Refundable at the end, cover_ratio=50.0, current_insurance=1436.6355208333334, project_type=New business, bank=BNP Paribas, initial_rate=2.0, fleexin_v2=1017.2879039916498, coverage=Death, TILA, TTD, PTD, PPD, professional_status=Intermittent, loan_effective_date=5/21/17}]]>
              </value>
            </param>
          </params>
          <reporter-output>
          </reporter-output>
        </test-method> <!-- runSimulation -->
        <test-method status="PASS" signature="runSimulation(java.util.Hashtable)[pri:2, instance:testcases.Simulator_TC@4e7912d8]" name="runSimulation" duration-ms="11536" started-at="2019-03-07T16:57:15Z" data-provider="dp" finished-at="2019-03-07T16:57:27Z">
          <params>
            <param index="0">
              <value>
                <![CDATA[{birth_date=10/25/95, fleexin_fixe=1064.4568991409628, loan_initial_duration=21.0, initial_capital=1124065.0, smoking_habit=Yes, type_of_loan=Bridge Loan, cover_ratio=23.0, current_insurance=1007.2090760416669, project_type=New business, bank=BNP Paribas, initial_rate=4.0, fleexin_v2=458.267051980378, coverage=Death, TILA, TTD, PTD, PPD, professional_status=Intermittent, loan_effective_date=11/8/18}]]>
              </value>
            </param>
          </params>
          <reporter-output>
          </reporter-output>
        </test-method> <!-- runSimulation -->
        <test-method status="FAIL" signature="runSimulation(java.util.Hashtable)[pri:2, instance:testcases.Simulator_TC@4e7912d8]" name="runSimulation" duration-ms="17340" started-at="2019-03-07T16:57:27Z" data-provider="dp" finished-at="2019-03-07T16:57:44Z">
          <params>
            <param index="0">
              <value>
                <![CDATA[{birth_date=1/20/87, fleexin_fixe=1744.7411178602995, loan_initial_duration=249.0, initial_capital=1126551.0, smoking_habit=No, type_of_loan=Standard, cover_ratio=6.0, current_insurance=2717.2410119999995, project_type=Competitor takeover, bank=BNP Paribas, initial_rate=3.0, fleexin_v2=1615.8870560127841, coverage=Death, TILA, TTD, PTD, PPD, professional_status=Intermittent, loan_effective_date=3/22/16}]]>
              </value>
            </param>
          </params>
          <exception class="java.lang.AssertionError">
            <message>
              <![CDATA[null]]>
            </message>
            <full-stacktrace>
              <![CDATA[java.lang.AssertionError: null
	at org.testng.Assert.fail(Assert.java:93)
	at org.testng.Assert.fail(Assert.java:100)
	at testcases.Simulator_TC.runSimulation(Simulator_TC.java:69)
	at sun.reflect.GeneratedMethodAccessor38.invoke(Unknown Source)
	at sun.reflect.DelegatingMethodAccessorImpl.invoke(DelegatingMethodAccessorImpl.java:43)
	at java.lang.reflect.Method.invoke(Method.java:498)
	at org.testng.internal.MethodInvocationHelper.invokeMethod(MethodInvocationHelper.java:108)
	at org.testng.internal.Invoker.invokeMethod(Invoker.java:661)
	at org.testng.internal.Invoker.invokeTestMethod(Invoker.java:869)
	at org.testng.internal.Invoker.invokeTestMethods(Invoker.java:1193)
	at org.testng.internal.TestMethodWorker.invokeTestMethods(TestMethodWorker.java:126)
	at org.testng.internal.TestMethodWorker.run(TestMethodWorker.java:109)
	at org.testng.TestRunner.privateRun(TestRunner.java:744)
	at org.testng.TestRunner.run(TestRunner.java:602)
	at org.testng.SuiteRunner.runTest(SuiteRunner.java:380)
	at org.testng.SuiteRunner.runSequentially(SuiteRunner.java:375)
	at org.testng.SuiteRunner.privateRun(SuiteRunner.java:340)
	at org.testng.SuiteRunner.run(SuiteRunner.java:289)
	at org.testng.SuiteRunnerWorker.runSuite(SuiteRunnerWorker.java:52)
	at org.testng.SuiteRunnerWorker.run(SuiteRunnerWorker.java:86)
	at org.testng.TestNG.runSuitesSequentially(TestNG.java:1301)
	at org.testng.TestNG.runSuitesLocally(TestNG.java:1226)
	at org.testng.TestNG.runSuites(TestNG.java:1144)
	at org.testng.TestNG.run(TestNG.java:1115)
	at org.testng.remote.AbstractRemoteTestNG.run(AbstractRemoteTestNG.java:114)
	at org.testng.remote.RemoteTestNG.initAndRun(RemoteTestNG.java:251)
	at org.testng.remote.RemoteTestNG.main(RemoteTestNG.java:77)
]]>
            </full-stacktrace>
          </exception> <!-- java.lang.AssertionError -->
          <reporter-output>
            <line>
              <![CDATA[Click to see Screenshot]]>
            </line>
            <line>
              <![CDATA[<a target="_blank" href=Thu_Mar_07_16_57_44_GMT_2019.jpg>Screenshot</a>]]>
            </line>
            <line>
              <![CDATA[<br>]]>
            </line>
            <line>
              <![CDATA[<br>]]>
            </line>
            <line>
              <![CDATA[<a target="_blank" href=Thu_Mar_07_16_57_44_GMT_2019.jpg><img src=Thu_Mar_07_16_57_44_GMT_2019.jpg height=200 width=200></img></a>]]>
            </line>
          </reporter-output>
        </test-method> <!-- runSimulation -->
        <test-method status="PASS" signature="runSimulation(java.util.Hashtable)[pri:2, instance:testcases.Simulator_TC@4e7912d8]" name="runSimulation" duration-ms="15859" started-at="2019-03-07T16:57:44Z" data-provider="dp" finished-at="2019-03-07T16:58:00Z">
          <params>
            <param index="0">
              <value>
                <![CDATA[{birth_date=12/31/80, fleexin_fixe=190102.68360279716, loan_initial_duration=241.0, initial_capital=8970997.0, smoking_habit=Yes, type_of_loan=0% rate loan, cover_ratio=82.0, current_insurance=288486.3311936667, project_type=Competitor takeover, bank=BNP Paribas, initial_rate=0.0, fleexin_v2=164817.55030092824, coverage=Death, TILA, TTD, PTD, PPD, professional_status=Dirigeant, gérant (hors agricole), loan_effective_date=4/16/15}]]>
              </value>
            </param>
          </params>
          <reporter-output>
          </reporter-output>
        </test-method> <!-- runSimulation -->
        <test-method status="PASS" signature="runSimulation(java.util.Hashtable)[pri:2, instance:testcases.Simulator_TC@4e7912d8]" name="runSimulation" duration-ms="13427" started-at="2019-03-07T16:58:00Z" data-provider="dp" finished-at="2019-03-07T16:58:14Z">
          <params>
            <param index="0">
              <value>
                <![CDATA[{birth_date=7/7/91, fleexin_fixe=6929.162441257624, loan_initial_duration=104.0, initial_capital=2550120.0, smoking_habit=Yes, type_of_loan=0% rate loan, cover_ratio=36.0, current_insurance=13464.633600000001, project_type=New business, bank=BNP Paribas, initial_rate=0.0, fleexin_v2=4322.278307387658, coverage=Death, TILA, TTD, PTD, PPD, professional_status=Artisan, BTP, auto-entrepreneur, loan_effective_date=8/8/17}]]>
              </value>
            </param>
          </params>
          <reporter-output>
          </reporter-output>
        </test-method> <!-- runSimulation -->
        <test-method status="PASS" signature="runSimulation(java.util.Hashtable)[pri:2, instance:testcases.Simulator_TC@4e7912d8]" name="runSimulation" duration-ms="11995" started-at="2019-03-07T16:58:14Z" data-provider="dp" finished-at="2019-03-07T16:58:26Z">
          <params>
            <param index="0">
              <value>
                <![CDATA[{birth_date=6/19/87, fleexin_fixe=17222.665544958352, loan_initial_duration=106.0, initial_capital=3482043.0, smoking_habit=No, type_of_loan=Refundable at the end, cover_ratio=82.0, current_insurance=49967.31705, project_type=New business, bank=BNP Paribas, initial_rate=4.0, fleexin_v2=24134.46979701829, coverage=Death, TILA, TTD, PTD, PPD, professional_status=Intermittent, loan_effective_date=10/23/16}]]>
              </value>
            </param>
          </params>
          <reporter-output>
          </reporter-output>
        </test-method> <!-- runSimulation -->
        <test-method status="PASS" signature="runSimulation(java.util.Hashtable)[pri:2, instance:testcases.Simulator_TC@4e7912d8]" name="runSimulation" duration-ms="15656" started-at="2019-03-07T16:58:26Z" data-provider="dp" finished-at="2019-03-07T16:58:42Z">
          <params>
            <param index="0">
              <value>
                <![CDATA[{birth_date=6/13/82, fleexin_fixe=61198.86629718451, loan_initial_duration=207.0, initial_capital=6958942.0, smoking_habit=No, type_of_loan=0% rate loan, cover_ratio=39.0, current_insurance=93496.865241, project_type=Competitor takeover, bank=BNP Paribas, initial_rate=0.0, fleexin_v2=54388.978087682204, coverage=Death, TILA, TTD, PTD, PPD, professional_status=Intermittent, loan_effective_date=11/24/15}]]>
              </value>
            </param>
          </params>
          <reporter-output>
          </reporter-output>
        </test-method> <!-- runSimulation -->
        <test-method status="PASS" signature="runSimulation(java.util.Hashtable)[pri:2, instance:testcases.Simulator_TC@4e7912d8]" name="runSimulation" duration-ms="13285" started-at="2019-03-07T16:58:42Z" data-provider="dp" finished-at="2019-03-07T16:58:55Z">
          <params>
            <param index="0">
              <value>
                <![CDATA[{birth_date=2/10/85, fleexin_fixe=1913.4827507066134, loan_initial_duration=139.0, initial_capital=8224904.0, smoking_habit=No, type_of_loan=Refundable at the end, cover_ratio=5.0, current_insurance=10135.480658333332, project_type=New business, bank=BNP Paribas, initial_rate=4.0, fleexin_v2=3096.925659600435, coverage=Death, TILA, TTD, PTD, PPD, professional_status=Dirigeant, gérant (hors agricole), loan_effective_date=11/2/15}]]>
              </value>
            </param>
          </params>
          <reporter-output>
          </reporter-output>
        </test-method> <!-- runSimulation -->
        <test-method status="PASS" signature="runSimulation(java.util.Hashtable)[pri:2, instance:testcases.Simulator_TC@4e7912d8]" name="runSimulation" duration-ms="11698" started-at="2019-03-07T16:58:55Z" data-provider="dp" finished-at="2019-03-07T16:59:07Z">
          <params>
            <param index="0">
              <value>
                <![CDATA[{birth_date=6/26/93, fleexin_fixe=22995.94189955639, loan_initial_duration=111.0, initial_capital=6477703.0, smoking_habit=Yes, type_of_loan=Refundable at the end, cover_ratio=56.0, current_insurance=61894.452165, project_type=New business, bank=BNP Paribas, initial_rate=5.0, fleexin_v2=23978.93440637105, coverage=Death, TILA, TTD, PTD, PPD, professional_status=Intermittent, loan_effective_date=8/21/15}]]>
              </value>
            </param>
          </params>
          <reporter-output>
          </reporter-output>
        </test-method> <!-- runSimulation -->
        <test-method status="PASS" signature="runSimulation(java.util.Hashtable)[pri:2, instance:testcases.Simulator_TC@4e7912d8]" name="runSimulation" duration-ms="12080" started-at="2019-03-07T16:59:07Z" data-provider="dp" finished-at="2019-03-07T16:59:19Z">
          <params>
            <param index="0">
              <value>
                <![CDATA[{birth_date=11/6/90, fleexin_fixe=2037.2550901903815, loan_initial_duration=18.0, initial_capital=6760528.0, smoking_habit=Yes, type_of_loan=Bridge Loan, cover_ratio=17.0, current_insurance=3160.5468400000004, project_type=New business, bank=BNP Paribas, initial_rate=1.0, fleexin_v2=1232.4335648630422, coverage=Death, TILA, TTD, PTD, PPD, professional_status=Dirigeant, gérant (hors agricole), loan_effective_date=9/25/18}]]>
              </value>
            </param>
          </params>
          <reporter-output>
          </reporter-output>
        </test-method> <!-- runSimulation -->
        <test-method status="PASS" signature="runSimulation(java.util.Hashtable)[pri:2, instance:testcases.Simulator_TC@4e7912d8]" name="runSimulation" duration-ms="12699" started-at="2019-03-07T16:59:19Z" data-provider="dp" finished-at="2019-03-07T16:59:32Z">
          <params>
            <param index="0">
              <value>
                <![CDATA[{birth_date=3/18/80, fleexin_fixe=972.9958491130034, loan_initial_duration=70.0, initial_capital=5777793.0, smoking_habit=Yes, type_of_loan=Refundable at the end, cover_ratio=8.0, current_insurance=3445.2753362107496, project_type=New business, bank=BNP Paribas, initial_rate=1.0, fleexin_v2=1561.6016895409093, coverage=Death, TILA, TTD, PTD, PPD, professional_status=Dirigeant, gérant (hors agricole), loan_effective_date=5/7/16}]]>
              </value>
            </param>
          </params>
          <reporter-output>
            <line>
              <![CDATA[<br>Verification failure : FleeXin Coti Fixe -  Expected : 972  found :  973<br>]]>
            </line>
            <line>
              <![CDATA[<a target="_blank" href=Thu_Mar_07_16_59_32_GMT_2019.jpg><img src=Thu_Mar_07_16_59_32_GMT_2019.jpg height=200 width=200></img></a>]]>
            </line>
            <line>
              <![CDATA[<br>]]>
            </line>
            <line>
              <![CDATA[<br>]]>
            </line>
          </reporter-output>
        </test-method> <!-- runSimulation -->
        <test-method status="PASS" signature="runSimulation(java.util.Hashtable)[pri:2, instance:testcases.Simulator_TC@4e7912d8]" name="runSimulation" duration-ms="13085" started-at="2019-03-07T16:59:32Z" data-provider="dp" finished-at="2019-03-07T16:59:45Z">
          <params>
            <param index="0">
              <value>
                <![CDATA[{birth_date=1/28/81, fleexin_fixe=596.4091881459306, loan_initial_duration=136.0, initial_capital=1122850.0, smoking_habit=No, type_of_loan=Refundable at the end, cover_ratio=8.0, current_insurance=2245.7000000000003, project_type=New business, bank=BNP Paribas, initial_rate=4.0, fleexin_v2=1088.0503577950647, coverage=Death, TILA, TTD, PTD, PPD, professional_status=Dirigeant, gérant (hors agricole), loan_effective_date=10/26/16}]]>
              </value>
            </param>
          </params>
          <reporter-output>
          </reporter-output>
        </test-method> <!-- runSimulation -->
        <test-method status="PASS" signature="runSimulation(java.util.Hashtable)[pri:2, instance:testcases.Simulator_TC@4e7912d8]" name="runSimulation" duration-ms="11928" started-at="2019-03-07T16:59:45Z" data-provider="dp" finished-at="2019-03-07T16:59:57Z">
          <params>
            <param index="0">
              <value>
                <![CDATA[{birth_date=6/7/94, fleexin_fixe=1295.5013208749174, loan_initial_duration=154.0, initial_capital=4730907.0, smoking_habit=No, type_of_loan=Refundable at the end, cover_ratio=3.0, current_insurance=3837.9483037500004, project_type=Competitor takeover, bank=BNP Paribas, initial_rate=5.0, fleexin_v2=1837.3829276331576, coverage=Death, TILA, TTD, PTD, PPD, professional_status=Intermittent, loan_effective_date=2/22/17}]]>
              </value>
            </param>
          </params>
          <reporter-output>
          </reporter-output>
        </test-method> <!-- runSimulation -->
        <test-method status="FAIL" signature="runSimulation(java.util.Hashtable)[pri:2, instance:testcases.Simulator_TC@4e7912d8]" name="runSimulation" duration-ms="16942" started-at="2019-03-07T16:59:57Z" data-provider="dp" finished-at="2019-03-07T17:00:14Z">
          <params>
            <param index="0">
              <value>
                <![CDATA[{birth_date=11/30/87, fleexin_fixe=74700.65031803571, loan_initial_duration=223.0, initial_capital=9676125.0, smoking_habit=Yes, type_of_loan=0% rate loan, cover_ratio=42.0, current_insurance=148267.263375, project_type=New business, bank=BNP Paribas, initial_rate=0.0, fleexin_v2=59977.51231978857, coverage=Death, TILA, TTD, PTD, PPD, professional_status=Dirigeant, gérant (hors agricole), loan_effective_date=8/13/17}]]>
              </value>
            </param>
          </params>
          <exception class="java.lang.AssertionError">
            <message>
              <![CDATA[null]]>
            </message>
            <full-stacktrace>
              <![CDATA[java.lang.AssertionError: null
	at org.testng.Assert.fail(Assert.java:93)
	at org.testng.Assert.fail(Assert.java:100)
	at testcases.Simulator_TC.runSimulation(Simulator_TC.java:69)
	at sun.reflect.GeneratedMethodAccessor38.invoke(Unknown Source)
	at sun.reflect.DelegatingMethodAccessorImpl.invoke(DelegatingMethodAccessorImpl.java:43)
	at java.lang.reflect.Method.invoke(Method.java:498)
	at org.testng.internal.MethodInvocationHelper.invokeMethod(MethodInvocationHelper.java:108)
	at org.testng.internal.Invoker.invokeMethod(Invoker.java:661)
	at org.testng.internal.Invoker.invokeTestMethod(Invoker.java:869)
	at org.testng.internal.Invoker.invokeTestMethods(Invoker.java:1193)
	at org.testng.internal.TestMethodWorker.invokeTestMethods(TestMethodWorker.java:126)
	at org.testng.internal.TestMethodWorker.run(TestMethodWorker.java:109)
	at org.testng.TestRunner.privateRun(TestRunner.java:744)
	at org.testng.TestRunner.run(TestRunner.java:602)
	at org.testng.SuiteRunner.runTest(SuiteRunner.java:380)
	at org.testng.SuiteRunner.runSequentially(SuiteRunner.java:375)
	at org.testng.SuiteRunner.privateRun(SuiteRunner.java:340)
	at org.testng.SuiteRunner.run(SuiteRunner.java:289)
	at org.testng.SuiteRunnerWorker.runSuite(SuiteRunnerWorker.java:52)
	at org.testng.SuiteRunnerWorker.run(SuiteRunnerWorker.java:86)
	at org.testng.TestNG.runSuitesSequentially(TestNG.java:1301)
	at org.testng.TestNG.runSuitesLocally(TestNG.java:1226)
	at org.testng.TestNG.runSuites(TestNG.java:1144)
	at org.testng.TestNG.run(TestNG.java:1115)
	at org.testng.remote.AbstractRemoteTestNG.run(AbstractRemoteTestNG.java:114)
	at org.testng.remote.RemoteTestNG.initAndRun(RemoteTestNG.java:251)
	at org.testng.remote.RemoteTestNG.main(RemoteTestNG.java:77)
]]>
            </full-stacktrace>
          </exception> <!-- java.lang.AssertionError -->
          <reporter-output>
            <line>
              <![CDATA[Click to see Screenshot]]>
            </line>
            <line>
              <![CDATA[<a target="_blank" href=Thu_Mar_07_17_00_14_GMT_2019.jpg>Screenshot</a>]]>
            </line>
            <line>
              <![CDATA[<br>]]>
            </line>
            <line>
              <![CDATA[<br>]]>
            </line>
            <line>
              <![CDATA[<a target="_blank" href=Thu_Mar_07_17_00_14_GMT_2019.jpg><img src=Thu_Mar_07_17_00_14_GMT_2019.jpg height=200 width=200></img></a>]]>
            </line>
          </reporter-output>
        </test-method> <!-- runSimulation -->
        <test-method status="PASS" signature="runSimulation(java.util.Hashtable)[pri:2, instance:testcases.Simulator_TC@4e7912d8]" name="runSimulation" duration-ms="28816" started-at="2019-03-07T17:00:14Z" data-provider="dp" finished-at="2019-03-07T17:00:43Z">
          <params>
            <param index="0">
              <value>
                <![CDATA[{birth_date=4/6/80, fleexin_fixe=13105.881381156429, loan_initial_duration=182.0, initial_capital=3434696.0, smoking_habit=No, type_of_loan=Standard, cover_ratio=12.0, current_insurance=18341.27664, project_type=New business, bank=BNP Paribas, initial_rate=5.0, fleexin_v2=12619.371399884803, coverage=Death, TILA, TTD, PTD, PPD, professional_status=Artisan, BTP, auto-entrepreneur, loan_effective_date=11/11/18}]]>
              </value>
            </param>
          </params>
          <reporter-output>
          </reporter-output>
        </test-method> <!-- runSimulation -->
        <test-method status="PASS" signature="runSimulation(java.util.Hashtable)[pri:2, instance:testcases.Simulator_TC@4e7912d8]" name="runSimulation" duration-ms="12080" started-at="2019-03-07T17:00:43Z" data-provider="dp" finished-at="2019-03-07T17:00:55Z">
          <params>
            <param index="0">
              <value>
                <![CDATA[{birth_date=3/24/94, fleexin_fixe=7195.291394724618, loan_initial_duration=86.0, initial_capital=1861147.0, smoking_habit=No, type_of_loan=Refundable at the end, cover_ratio=85.0, current_insurance=19774.686875, project_type=New business, bank=BNP Paribas, initial_rate=4.0, fleexin_v2=6544.646519319641, coverage=Death, TILA, TTD, PTD, PPD, professional_status=Intermittent, loan_effective_date=9/1/16}]]>
              </value>
            </param>
          </params>
          <reporter-output>
          </reporter-output>
        </test-method> <!-- runSimulation -->
        <test-method status="PASS" signature="runSimulation(java.util.Hashtable)[pri:2, instance:testcases.Simulator_TC@4e7912d8]" name="runSimulation" duration-ms="14767" started-at="2019-03-07T17:00:55Z" data-provider="dp" finished-at="2019-03-07T17:01:10Z">
          <params>
            <param index="0">
              <value>
                <![CDATA[{birth_date=6/19/93, fleexin_fixe=45904.58647003648, loan_initial_duration=107.0, initial_capital=8579884.0, smoking_habit=Yes, type_of_loan=0% rate loan, cover_ratio=90.0, current_insurance=109650.91751999999, project_type=New business, bank=BNP Paribas, initial_rate=0.0, fleexin_v2=24947.117210382832, coverage=Death, TILA, TTD, PTD, PPD, professional_status=Artisan, BTP, auto-entrepreneur, loan_effective_date=7/9/16}]]>
              </value>
            </param>
          </params>
          <reporter-output>
          </reporter-output>
        </test-method> <!-- runSimulation -->
        <test-method status="PASS" signature="runSimulation(java.util.Hashtable)[pri:2, instance:testcases.Simulator_TC@4e7912d8]" name="runSimulation" duration-ms="14504" started-at="2019-03-07T17:01:10Z" data-provider="dp" finished-at="2019-03-07T17:01:24Z">
          <params>
            <param index="0">
              <value>
                <![CDATA[{birth_date=10/6/84, fleexin_fixe=126382.91072358892, loan_initial_duration=222.0, initial_capital=7951185.0, smoking_habit=Yes, type_of_loan=Refundable at the end, cover_ratio=77.0, current_insurance=277804.46491875, project_type=Competitor takeover, bank=BNP Paribas, initial_rate=3.0, fleexin_v2=276561.64739249385, coverage=Death, TILA, TTD, PTD, PPD, professional_status=Dirigeant, gérant (hors agricole), loan_effective_date=11/1/17}]]>
              </value>
            </param>
          </params>
          <reporter-output>
          </reporter-output>
        </test-method> <!-- runSimulation -->
        <test-method status="PASS" signature="runSimulation(java.util.Hashtable)[pri:2, instance:testcases.Simulator_TC@4e7912d8]" name="runSimulation" duration-ms="14807" started-at="2019-03-07T17:01:24Z" data-provider="dp" finished-at="2019-03-07T17:01:39Z">
          <params>
            <param index="0">
              <value>
                <![CDATA[{birth_date=8/17/81, fleexin_fixe=101296.88431314733, loan_initial_duration=219.0, initial_capital=7281473.0, smoking_habit=Yes, type_of_loan=Refundable at the end, cover_ratio=35.0, current_insurance=145743.233015625, project_type=Competitor takeover, bank=BNP Paribas, initial_rate=4.0, fleexin_v2=203817.07991554023, coverage=Death, TILA, TTD, PTD, PPD, professional_status=Artisan, BTP, auto-entrepreneur, loan_effective_date=2/12/17}]]>
              </value>
            </param>
          </params>
          <reporter-output>
          </reporter-output>
        </test-method> <!-- runSimulation -->
        <test-method status="PASS" signature="runSimulation(java.util.Hashtable)[pri:2, instance:testcases.Simulator_TC@4e7912d8]" name="runSimulation" duration-ms="13966" started-at="2019-03-07T17:01:39Z" data-provider="dp" finished-at="2019-03-07T17:01:53Z">
          <params>
            <param index="0">
              <value>
                <![CDATA[{birth_date=11/17/93, fleexin_fixe=99544.755437699, loan_initial_duration=237.0, initial_capital=4034369.0, smoking_habit=Yes, type_of_loan=0% rate loan, cover_ratio=80.0, current_insurance=133725.88445333336, project_type=New business, bank=BNP Paribas, initial_rate=0.0, fleexin_v2=71810.46189888052, coverage=Death, TILA, TTD, PTD, PPD, professional_status=Intermittent, loan_effective_date=4/14/18}]]>
              </value>
            </param>
          </params>
          <reporter-output>
          </reporter-output>
        </test-method> <!-- runSimulation -->
        <test-method status="PASS" signature="runSimulation(java.util.Hashtable)[pri:2, instance:testcases.Simulator_TC@4e7912d8]" name="runSimulation" duration-ms="16509" started-at="2019-03-07T17:01:53Z" data-provider="dp" finished-at="2019-03-07T17:02:10Z">
          <params>
            <param index="0">
              <value>
                <![CDATA[{birth_date=11/1/91, fleexin_fixe=9402.35320224165, loan_initial_duration=174.0, initial_capital=6652913.0, smoking_habit=Yes, type_of_loan=Standard, cover_ratio=10.0, current_insurance=18162.45249, project_type=New business, bank=BNP Paribas, initial_rate=3.0, fleexin_v2=6692.300344200168, coverage=Death, TILA, TTD, PTD, PPD, professional_status=Intermittent, loan_effective_date=10/27/15}]]>
              </value>
            </param>
          </params>
          <reporter-output>
          </reporter-output>
        </test-method> <!-- runSimulation -->
        <test-method status="PASS" signature="runSimulation(java.util.Hashtable)[pri:2, instance:testcases.Simulator_TC@4e7912d8]" name="runSimulation" duration-ms="11420" started-at="2019-03-07T17:02:10Z" data-provider="dp" finished-at="2019-03-07T17:02:21Z">
          <params>
            <param index="0">
              <value>
                <![CDATA[{birth_date=11/29/87, fleexin_fixe=21835.33825119622, loan_initial_duration=106.0, initial_capital=8702153.0, smoking_habit=No, type_of_loan=Refundable at the end, cover_ratio=58.0, current_insurance=62880.307219166665, project_type=Competitor takeover, bank=BNP Paribas, initial_rate=1.0, fleexin_v2=28892.852414135225, coverage=Death, TILA, TTD, PTD, PPD, professional_status=Intermittent, loan_effective_date=2/10/15}]]>
              </value>
            </param>
          </params>
          <reporter-output>
          </reporter-output>
        </test-method> <!-- runSimulation -->
        <test-method status="PASS" signature="runSimulation(java.util.Hashtable)[pri:2, instance:testcases.Simulator_TC@4e7912d8]" name="runSimulation" duration-ms="17373" started-at="2019-03-07T17:02:21Z" data-provider="dp" finished-at="2019-03-07T17:02:39Z">
          <params>
            <param index="0">
              <value>
                <![CDATA[{birth_date=12/19/80, fleexin_fixe=2875.5626967255293, loan_initial_duration=234.0, initial_capital=314114.0, smoking_habit=Yes, type_of_loan=Refundable at the end, cover_ratio=17.0, current_insurance=3426.4589929308754, project_type=Competitor takeover, bank=BNP Paribas, initial_rate=4.0, fleexin_v2=6219.83456550623, coverage=Death, TILA, TTD, PTD, PPD, professional_status=Intermittent, loan_effective_date=7/11/16}]]>
              </value>
            </param>
          </params>
          <reporter-output>
          </reporter-output>
        </test-method> <!-- runSimulation -->
        <test-method status="PASS" signature="runSimulation(java.util.Hashtable)[pri:2, instance:testcases.Simulator_TC@4e7912d8]" name="runSimulation" duration-ms="12859" started-at="2019-03-07T17:02:39Z" data-provider="dp" finished-at="2019-03-07T17:02:51Z">
          <params>
            <param index="0">
              <value>
                <![CDATA[{birth_date=9/13/93, fleexin_fixe=7292.817889560081, loan_initial_duration=163.0, initial_capital=3824581.0, smoking_habit=Yes, type_of_loan=0% rate loan, cover_ratio=25.0, current_insurance=22262.248570833337, project_type=Competitor takeover, bank=BNP Paribas, initial_rate=0.0, fleexin_v2=5392.280354347381, coverage=Death, TILA, TTD, PTD, PPD, professional_status=Dirigeant, gérant (hors agricole), loan_effective_date=4/18/17}]]>
              </value>
            </param>
          </params>
          <reporter-output>
          </reporter-output>
        </test-method> <!-- runSimulation -->
        <test-method status="PASS" signature="runSimulation(java.util.Hashtable)[pri:2, instance:testcases.Simulator_TC@4e7912d8]" name="runSimulation" duration-ms="16313" started-at="2019-03-07T17:02:51Z" data-provider="dp" finished-at="2019-03-07T17:03:08Z">
          <params>
            <param index="0">
              <value>
                <![CDATA[{birth_date=9/4/85, fleexin_fixe=35189.59740155776, loan_initial_duration=203.0, initial_capital=3798201.0, smoking_habit=No, type_of_loan=Refundable at the end, cover_ratio=40.0, current_insurance=68589.17972500001, project_type=New business, bank=BNP Paribas, initial_rate=2.0, fleexin_v2=69828.38150890717, coverage=Death, TILA, TTD, PTD, PPD, professional_status=Intermittent, loan_effective_date=9/15/18}]]>
              </value>
            </param>
          </params>
          <reporter-output>
          </reporter-output>
        </test-method> <!-- runSimulation -->
        <test-method status="PASS" signature="runSimulation(java.util.Hashtable)[pri:2, instance:testcases.Simulator_TC@4e7912d8]" name="runSimulation" duration-ms="14048" started-at="2019-03-07T17:03:08Z" data-provider="dp" finished-at="2019-03-07T17:03:22Z">
          <params>
            <param index="0">
              <value>
                <![CDATA[{birth_date=11/7/91, fleexin_fixe=73844.27737063859, loan_initial_duration=212.0, initial_capital=5048754.0, smoking_habit=No, type_of_loan=0% rate loan, cover_ratio=94.0, current_insurance=168635.115272, project_type=Competitor takeover, bank=BNP Paribas, initial_rate=0.0, fleexin_v2=56922.55023566715, coverage=Death, TILA, TTD, PTD, PPD, professional_status=Intermittent, loan_effective_date=10/5/15}]]>
              </value>
            </param>
          </params>
          <reporter-output>
          </reporter-output>
        </test-method> <!-- runSimulation -->
        <test-method status="PASS" signature="runSimulation(java.util.Hashtable)[pri:2, instance:testcases.Simulator_TC@4e7912d8]" name="runSimulation" duration-ms="11443" started-at="2019-03-07T17:03:22Z" data-provider="dp" finished-at="2019-03-07T17:03:33Z">
          <params>
            <param index="0">
              <value>
                <![CDATA[{birth_date=1/24/95, fleexin_fixe=18431.590776616227, loan_initial_duration=106.0, initial_capital=8572947.0, smoking_habit=Yes, type_of_loan=Refundable at the end, cover_ratio=25.0, current_insurance=46660.050078125, project_type=Competitor takeover, bank=BNP Paribas, initial_rate=1.0, fleexin_v2=23964.855033093205, coverage=Death, TILA, TTD, PTD, PPD, professional_status=Intermittent, loan_effective_date=4/9/18}]]>
              </value>
            </param>
          </params>
          <reporter-output>
          </reporter-output>
        </test-method> <!-- runSimulation -->
        <test-method status="PASS" signature="runSimulation(java.util.Hashtable)[pri:2, instance:testcases.Simulator_TC@4e7912d8]" name="runSimulation" duration-ms="11694" started-at="2019-03-07T17:03:33Z" data-provider="dp" finished-at="2019-03-07T17:03:45Z">
          <params>
            <param index="0">
              <value>
                <![CDATA[{birth_date=9/1/87, fleexin_fixe=2927.0573222228004, loan_initial_duration=121.0, initial_capital=1146651.0, smoking_habit=No, type_of_loan=Refundable at the end, cover_ratio=41.0, current_insurance=9294.800783125, project_type=Competitor takeover, bank=BNP Paribas, initial_rate=4.0, fleexin_v2=4520.247739547822, coverage=Death, TILA, TTD, PTD, PPD, professional_status=Intermittent, loan_effective_date=11/8/15}]]>
              </value>
            </param>
          </params>
          <reporter-output>
          </reporter-output>
        </test-method> <!-- runSimulation -->
        <test-method status="PASS" signature="runSimulation(java.util.Hashtable)[pri:2, instance:testcases.Simulator_TC@4e7912d8]" name="runSimulation" duration-ms="14835" started-at="2019-03-07T17:03:45Z" data-provider="dp" finished-at="2019-03-07T17:04:00Z">
          <params>
            <param index="0">
              <value>
                <![CDATA[{birth_date=1/31/87, fleexin_fixe=2810.300921807474, loan_initial_duration=226.0, initial_capital=210818.0, smoking_habit=Yes, type_of_loan=Refundable at the end, cover_ratio=94.0, current_insurance=9413.023699999998, project_type=New business, bank=BNP Paribas, initial_rate=3.0, fleexin_v2=5996.547241947204, coverage=Death, TILA, TTD, PTD, PPD, professional_status=Dirigeant, gérant (hors agricole), loan_effective_date=10/7/16}]]>
              </value>
            </param>
          </params>
          <reporter-output>
          </reporter-output>
        </test-method> <!-- runSimulation -->
        <test-method status="PASS" signature="tearDown()[pri:0, instance:testcases.Simulator_TC@4e7912d8]" name="tearDown" is-config="true" duration-ms="679" started-at="2019-03-07T17:04:00Z" finished-at="2019-03-07T17:04:01Z">
          <reporter-output>
          </reporter-output>
        </test-method> <!-- tearDown -->
      </class> <!-- testcases.Simulator_TC -->
    </test> <!-- Run Simulation Test -->
  </suite> <!-- Data Driven Basics -->
</testng-results>
